# Logfile created on Tue May 01 10:49:21 -0700 2012 by logger.rb/1.2.6
E, [2012-05-01T10:49:21.011151 #44624] ERROR -- : IDology API Error in Service.locate() - Exception
E, [2012-05-01T10:49:21.012319 #44624] ERROR -- : IDology API Error in Service.get_questions() - Exception
E, [2012-05-01T10:49:21.014043 #44624] ERROR -- : IDology API Error in Service.submit_answers() - Exception
E, [2012-05-01T10:49:21.014761 #44624] ERROR -- : IDology API Error in Service.get_challenge_questions() - Exception
E, [2012-05-01T10:49:21.015484 #44624] ERROR -- : IDology API Error in Service.submit_challenge_answers() - Exception
E, [2012-05-01T10:49:26.731095 #44645] ERROR -- : IDology API Error in Service.locate() - Exception
E, [2012-05-01T10:49:26.732760 #44645] ERROR -- : IDology API Error in Service.get_questions() - Exception
E, [2012-05-01T10:49:26.733995 #44645] ERROR -- : IDology API Error in Service.submit_answers() - Exception
E, [2012-05-01T10:49:26.734723 #44645] ERROR -- : IDology API Error in Service.get_challenge_questions() - Exception
E, [2012-05-01T10:49:26.735363 #44645] ERROR -- : IDology API Error in Service.submit_challenge_answers() - Exception
E, [2012-05-01T10:49:52.102672 #44684] ERROR -- : IDology API Error in Service.locate() - Exception
E, [2012-05-01T10:49:52.104354 #44684] ERROR -- : IDology API Error in Service.get_questions() - Exception
E, [2012-05-01T10:49:52.105396 #44684] ERROR -- : IDology API Error in Service.submit_answers() - Exception
E, [2012-05-01T10:49:52.106153 #44684] ERROR -- : IDology API Error in Service.get_challenge_questions() - Exception
E, [2012-05-01T10:49:52.106915 #44684] ERROR -- : IDology API Error in Service.submit_challenge_answers() - Exception
E, [2012-05-01T11:00:17.339888 #46220] ERROR -- : IDology API Error in Service.locate() - Exception
E, [2012-05-01T11:00:17.342654 #46220] ERROR -- : IDology API Error in Service.get_questions() - Exception
E, [2012-05-01T11:00:17.343734 #46220] ERROR -- : IDology API Error in Service.submit_answers() - Exception
E, [2012-05-01T11:00:17.344408 #46220] ERROR -- : IDology API Error in Service.get_challenge_questions() - Exception
E, [2012-05-01T11:00:17.345083 #46220] ERROR -- : IDology API Error in Service.submit_challenge_answers() - Exception
E, [2012-05-03T15:34:03.800936 #6468] ERROR -- : IDology API Error in Service.locate() - Exception
E, [2012-05-03T15:34:03.802224 #6468] ERROR -- : IDology API Error in Service.get_questions() - Exception
E, [2012-05-03T15:34:03.802904 #6468] ERROR -- : IDology API Error in Service.submit_answers() - Exception
E, [2012-05-03T15:34:03.803580 #6468] ERROR -- : IDology API Error in Service.get_challenge_questions() - Exception
E, [2012-05-03T15:34:03.804264 #6468] ERROR -- : IDology API Error in Service.submit_challenge_answers() - Exception
E, [2012-05-04T13:51:30.756412 #34391] ERROR -- : IDology API Error in Service.locate() - Exception
E, [2012-05-04T13:51:30.757433 #34391] ERROR -- : IDology API Error in Service.get_questions() - Exception
E, [2012-05-04T13:51:30.758122 #34391] ERROR -- : IDology API Error in Service.submit_answers() - Exception
E, [2012-05-04T13:51:30.758793 #34391] ERROR -- : IDology API Error in Service.get_challenge_questions() - Exception
E, [2012-05-04T13:51:30.759467 #34391] ERROR -- : IDology API Error in Service.submit_challenge_answers() - Exception
